

> euprojecthub@0.1.0 build
> next build

[1m[38;2;173;127;168m▲ Next.js 16.1.6[39m[22m (Turbopack)
- Environments: .env.local
- Experiments (use with caution):
  · clientTraceMetadata
  · optimizePackageImports

[33m[1m⚠[22m[39m The "middleware" file convention is deprecated. Please use "proxy" instead. Learn more: https://nextjs.org/docs/messages/middleware-to-proxy
[37m[1m [22m[39m Creating an optimized production build ...
[32m[1m✓[22m[39m Compiled successfully in 4.8s
[?25l[37m[1m [22m[39m Running next.config.js provided runAfterProductionCompile  [36m.[39m[2K[1G[1A[2K[1G[?25h[32m[1m✓[22m[39m Completed runAfterProductionCompile in 136ms
[?25l [36m.[39m [2K[1G[?25h[?25l[37m[1m [22m[39m Running TypeScript  [36m.[39m[2K[1G[37m[1m [22m[39m Running TypeScript  [36m..[39m[2K[1G[37m[1m [22m[39m Running TypeScript  [36m...[39m[2K[1G[37m[1m [22m[39m Running TypeScript  [36m.[39m[2K[1G[37m[1m [22m[39m Running TypeScript  [36m..[39m[2K[1G[37m[1m [22m[39m Running TypeScript  [36m...[39m[2K[1G[37m[1m [22m[39m Running TypeScript  [36m.[39m[2K[1G[37m[1m [22m[39m Running TypeScript  [36m..[39m[2K[1G[37m[1m [22m[39m Running TypeScript  [36m...[39m[2K[1G[37m[1m [22m[39m Running TypeScript  [36m.[39m[2K[1G[37m[1m [22m[39m Running TypeScript  [36m..[39m[2K[1G[37m[1m [22m[39m Running TypeScript  [36m...[39m[2K[1G[37m[1m [22m[39m Running TypeScript  [36m.[39m[2K[1G[37m[1m [22m[39m Running TypeScript  [36m..[39m[2K[1G[37m[1m [22m[39m Running TypeScript  [36m...[39m[2K[1G[37m[1m [22m[39m Running TypeScript  [36m.[39m[2K[1G[?25h[?25l[37m[1m [22m[39m Finished TypeScript in 3.1s  [36m.[39m[2K[1G[?25h[37m[1m [22m[39m Finished TypeScript in 3.1s    [32m[1m✓[22m[39m Finished TypeScript in 3.1s 
[?25l[37m[1m [22m[39m Collecting page data using 9 workers  [36m.[39m[2K[1G[1A[2K[1G[37m[1m [22m[39m Collecting page data using 9 workers  [36m..[39m[2K[1G[1A[2K[1G[?25h[37m[1m [22m[39m Collecting page data using 9 workers in 287.0ms    [32m[1m✓[22m[39m Collecting page data using 9 workers in 287.0ms 
[?25l[37m[1m [22m[39m Generating static pages using 9 workers (0/56)  [36m[    ][39m[2K[1G[1A[2K[1G[37m[1m [22m[39m Generating static pages using 9 workers (43/56)  [36m[=   ][39m[2K[1G[1A[2K[1G[?25h[32m[1m✓[22m[39m Generating static pages using 9 workers (56/56) in 233.8ms
[?25l[37m[1m [22m[39m Finalizing page optimization  [36m.[39m[2K[1G[37m[1m [22m[39m Finalizing page optimization  [36m..[39m[2K[1G[?25h[37m[1m [22m[39m Finalizing page optimization in 302.1ms    [32m[1m✓[22m[39m Finalizing page optimization in 302.1ms 

[4mRoute (app)[24m
┌ ƒ /
├ ○ /_not-found
├ ○ /activities
├ ○ /activities/new
├ ○ /admin
├ ○ /admin/analytics
├ ○ /admin/erasmus
├ ○ /admin/feedback
├ ○ /admin/modules
├ ○ /admin/organizations
├ ○ /admin/system
├ ○ /admin/theme
├ ○ /admin/users
├ ○ /admin/versions
├ ○ /ai-assistant
├ ○ /analytics-test
├ ƒ /api/ai
├ ƒ /api/ai/analyze
├ ƒ /api/auth/signout
├ ƒ /api/cron/check-erasmus-guide
├ ƒ /api/erasmus/analyze
├ ƒ /api/eu-tenders
├ ƒ /api/proposals/draft
├ ƒ /api/sentry-example-api
├ ƒ /auth/callback
├ ○ /budget
├ ○ /budget/new
├ ○ /contracts
├ ○ /contracts/new
├ ○ /eu-calls
├ ƒ /invite/[token]
├ ○ /lms
├ ○ /login
├ ○ /organisations
├ ○ /organisations/new
├ ○ /organizations
├ ○ /participants
├ ƒ /participants/[id]
├ ○ /participants/new
├ ○ /partners
├ ○ /partners/new
├ ○ /profile
├ ○ /projects
├ ƒ /projects/[id]
├ ○ /projects/new
├ ○ /proposals
├ ƒ /proposals/[id]
├ ○ /proposals/new
├ ○ /reports
├ ƒ /reports/[id]
├ ○ /reports/auto
├ ○ /reports/new
├ ○ /sentry-example-page
├ ○ /settings
├ ○ /settings/feedback
├ ○ /signout
├ ○ /unauthorized
├ ○ /users
├ ○ /webgate
└ ○ /workflows


ƒ Proxy (Middleware)

○  (Static)   prerendered as static content
ƒ  (Dynamic)  server-rendered on demand

[?25h⠙[1G[0K
